<?xml version="1.0" encoding="UTF-8"?>
<testsuite name="org.eclipse.edc.demo.dcp.JwtSigner" tests="8" skipped="0" failures="0" errors="0" timestamp="2025-01-08T09:38:27" hostname="cloud122" time="1.077">
  <properties/>
  <testcase name="[1] /home/gsd/MinimumViableDataspace/launchers/identity-hub/../../deployment/assets/credentials/k8s/provider/membership_vc.json, /home/gsd/MinimumViableDataspace/launchers/identity-hub/../../deployment/assets/credentials/k8s/provider/membership-credential.json, did:web:provider-identityhub%3A7083:bob, did:web:dataspace-issuer, /home/gsd/MinimumViableDataspace/launchers/identity-hub/../../deployment/assets/issuer/did.k8s.json" classname="org.eclipse.edc.demo.dcp.JwtSigner" time="1.009"/>
  <testcase name="[2] /home/gsd/MinimumViableDataspace/launchers/identity-hub/../../deployment/assets/credentials/k8s/provider/dataprocessor_vc.json, /home/gsd/MinimumViableDataspace/launchers/identity-hub/../../deployment/assets/credentials/k8s/provider/dataprocessor-credential.json, did:web:provider-identityhub%3A7083:bob, did:web:dataspace-issuer, /home/gsd/MinimumViableDataspace/launchers/identity-hub/../../deployment/assets/issuer/did.k8s.json" classname="org.eclipse.edc.demo.dcp.JwtSigner" time="0.01"/>
  <testcase name="[3] /home/gsd/MinimumViableDataspace/launchers/identity-hub/../../deployment/assets/credentials/local/provider/unsigned/membership_vc.json, /home/gsd/MinimumViableDataspace/launchers/identity-hub/../../deployment/assets/credentials/local/provider/membership-credential.json, did:web:provider-identityhub%3A7083:bob, did:web:localhost%3A9876, /home/gsd/MinimumViableDataspace/launchers/identity-hub/../../deployment/assets/issuer/did.docker.json" classname="org.eclipse.edc.demo.dcp.JwtSigner" time="0.009"/>
  <testcase name="[4] /home/gsd/MinimumViableDataspace/launchers/identity-hub/../../deployment/assets/credentials/local/provider/unsigned/dataprocessor_vc.json, /home/gsd/MinimumViableDataspace/launchers/identity-hub/../../deployment/assets/credentials/local/provider/dataprocessor-credential.json, did:web:provider-identityhub%3A7083:bob, did:web:localhost%3A9876, /home/gsd/MinimumViableDataspace/launchers/identity-hub/../../deployment/assets/issuer/did.docker.json" classname="org.eclipse.edc.demo.dcp.JwtSigner" time="0.008"/>
  <testcase name="[5] /home/gsd/MinimumViableDataspace/launchers/identity-hub/../../deployment/assets/credentials/k8s/consumer/membership_vc.json, /home/gsd/MinimumViableDataspace/launchers/identity-hub/../../deployment/assets/credentials/k8s/consumer/membership-credential.json, did:web:consumer-identityhub%3A7083:alice, did:web:dataspace-issuer, /home/gsd/MinimumViableDataspace/launchers/identity-hub/../../deployment/assets/issuer/did.k8s.json" classname="org.eclipse.edc.demo.dcp.JwtSigner" time="0.007"/>
  <testcase name="[6] /home/gsd/MinimumViableDataspace/launchers/identity-hub/../../deployment/assets/credentials/k8s/consumer/dataprocessor_vc.json, /home/gsd/MinimumViableDataspace/launchers/identity-hub/../../deployment/assets/credentials/k8s/consumer/dataprocessor-credential.json, did:web:consumer-identityhub%3A7083:alice, did:web:dataspace-issuer, /home/gsd/MinimumViableDataspace/launchers/identity-hub/../../deployment/assets/issuer/did.k8s.json" classname="org.eclipse.edc.demo.dcp.JwtSigner" time="0.008"/>
  <testcase name="[7] /home/gsd/MinimumViableDataspace/launchers/identity-hub/../../deployment/assets/credentials/local/consumer/unsigned/membership_vc.json, /home/gsd/MinimumViableDataspace/launchers/identity-hub/../../deployment/assets/credentials/local/consumer/membership-credential.json, did:web:consumer-identityhub%3A7083:alice, did:web:localhost%3A9876, /home/gsd/MinimumViableDataspace/launchers/identity-hub/../../deployment/assets/issuer/did.docker.json" classname="org.eclipse.edc.demo.dcp.JwtSigner" time="0.009"/>
  <testcase name="[8] /home/gsd/MinimumViableDataspace/launchers/identity-hub/../../deployment/assets/credentials/local/consumer/unsigned/dataprocessor_vc.json, /home/gsd/MinimumViableDataspace/launchers/identity-hub/../../deployment/assets/credentials/local/consumer/dataprocessor-credential.json, did:web:consumer-identityhub%3A7083:alice, did:web:localhost%3A9876, /home/gsd/MinimumViableDataspace/launchers/identity-hub/../../deployment/assets/issuer/did.docker.json" classname="org.eclipse.edc.demo.dcp.JwtSigner" time="0.007"/>
  <system-out><![CDATA[]]></system-out>
  <system-err><![CDATA[]]></system-err>
</testsuite>
